<?xml version="1.0" encoding="UTF-8"?>
<!-- Generated by org.testng.reporters.JUnitReportReporter -->
<testsuite hostname="DESKTOP-JBSCKF2" failures="0" tests="1" name="Task_14.Task_14_Herokuapp" time="6.142" errors="0" timestamp="2021-10-24T16:25:43 MSK" skipped="0">
  <testcase classname="Task_14.Task_14_Herokuapp" name="authToHerokuapp_Test" time="6.142"/>
  <system-out/>
</testsuite> <!-- Task_14.Task_14_Herokuapp -->
